2021-06-24T17:37:12.377Z: [34mdebug[39m: Inside signup request
2021-06-24T17:37:28.763Z: [34mdebug[39m: Inside signup request
2021-06-24T17:37:29.126Z: [34mdebug[39m: No user with given email detected creating new user
2021-06-24T17:37:29.308Z: [34mdebug[39m: Password hashed
2021-06-24T17:37:29.309Z: [34mdebug[39m: Saving user signup data
2021-06-24T17:39:11.245Z: [34mdebug[39m: Inside signup request
2021-06-24T17:39:11.631Z: [34mdebug[39m: No user with given email detected creating new user
2021-06-24T17:39:11.810Z: [34mdebug[39m: Password hashed
2021-06-24T17:39:11.811Z: [34mdebug[39m: Saving user signup data
2021-06-24T17:39:57.114Z: [34mdebug[39m: Inside signup request
2021-06-24T18:37:02.049Z: [34mdebug[39m: Inside signup request
2021-06-24T18:37:14.501Z: [34mdebug[39m: Inside signup request
2021-06-24T18:37:14.800Z: [34mdebug[39m: No user with given email detected creating new user
2021-06-24T18:37:14.888Z: [34mdebug[39m: Password hashed
2021-06-24T18:37:14.889Z: [34mdebug[39m: Saving user signup data
2021-06-24T20:00:20.532Z: [34mdebug[39m: Inside signup request
2021-06-24T20:02:33.316Z: [34mdebug[39m: Inside signup request
2021-06-24T20:04:13.599Z: [34mdebug[39m: Inside signup request
2021-06-24T20:04:55.500Z: [34mdebug[39m: Inside signup request
2021-06-24T20:05:47.185Z: [34mdebug[39m: Inside signup request
2021-06-24T20:05:47.472Z: [34mdebug[39m: No user with given email detected creating new user
2021-06-24T20:05:47.552Z: [34mdebug[39m: Password hashed
2021-06-24T20:05:47.553Z: [34mdebug[39m: Saving user signup data
2021-06-24T20:08:05.197Z: [34mdebug[39m: Inside signup request
2021-06-24T20:08:05.487Z: [34mdebug[39m: No user with given email detected creating new user
2021-06-24T20:08:05.583Z: [34mdebug[39m: Password hashed
2021-06-24T20:08:05.584Z: [34mdebug[39m: Saving user signup data
2021-06-24T20:10:24.163Z: [34mdebug[39m: Inside signup request
2021-06-24T20:10:24.485Z: [34mdebug[39m: No user with given email detected creating new user
2021-06-24T20:10:24.568Z: [34mdebug[39m: Password hashed
2021-06-24T20:10:24.569Z: [34mdebug[39m: Saving user signup data
2021-06-24T20:10:56.995Z: [34mdebug[39m: Inside signup request
2021-06-24T20:12:16.998Z: [34mdebug[39m: Inside signup request
2021-06-24T20:14:25.851Z: [34mdebug[39m: Inside signup request
2021-06-24T20:14:26.175Z: [34mdebug[39m: No user with given email detected creating new user
2021-06-24T20:14:26.268Z: [34mdebug[39m: Password hashed
2021-06-24T20:14:26.268Z: [34mdebug[39m: Saving user signup data
2021-06-24T20:16:00.417Z: [34mdebug[39m: Inside signup request
2021-06-24T20:17:29.413Z: [34mdebug[39m: Inside signup request
2021-06-24T20:19:38.466Z: [34mdebug[39m: Inside signup request
2021-06-24T20:19:38.768Z: [34mdebug[39m: No user with given email detected creating new user
2021-06-24T20:19:38.852Z: [34mdebug[39m: Password hashed
2021-06-24T20:19:38.852Z: [34mdebug[39m: Saving user signup data
2021-06-24T20:33:14.690Z: [34mdebug[39m: Inside signup request
2021-06-24T20:33:46.545Z: [34mdebug[39m: Inside signup request
2021-06-24T20:33:46.841Z: [34mdebug[39m: No user with given email detected creating new user
2021-06-24T20:33:46.992Z: [34mdebug[39m: Password hashed
2021-06-24T20:33:46.993Z: [34mdebug[39m: Saving user signup data
2021-06-24T20:34:33.029Z: [34mdebug[39m: Inside signup request
2021-06-24T20:34:33.432Z: [34mdebug[39m: No user with given email detected creating new user
2021-06-24T20:34:33.604Z: [34mdebug[39m: Password hashed
2021-06-24T20:34:33.606Z: [34mdebug[39m: Saving user signup data
2021-06-24T20:38:25.761Z: [34mdebug[39m: Inside signup request
2021-06-24T20:38:58.695Z: [34mdebug[39m: Inside signup request
2021-06-24T20:39:08.595Z: [34mdebug[39m: Inside signup request
2021-06-25T04:22:45.863Z: [34mdebug[39m: Inside signup request
2021-06-25T04:23:10.151Z: [34mdebug[39m: Inside signup request
2021-06-25T04:23:10.434Z: [34mdebug[39m: No user with given email detected creating new user
2021-06-25T04:23:10.610Z: [34mdebug[39m: Password hashed
2021-06-25T04:23:10.611Z: [34mdebug[39m: Saving user signup data
2021-06-25T04:25:36.713Z: [34mdebug[39m: Inside signup request
2021-06-25T04:25:36.997Z: [34mdebug[39m: No user with given email detected creating new user
2021-06-25T04:25:37.175Z: [34mdebug[39m: Password hashed
2021-06-25T04:25:37.178Z: [34mdebug[39m: Saving user signup data
2021-06-25T04:26:37.533Z: [34mdebug[39m: Inside signup request
2021-06-25T04:26:37.781Z: [34mdebug[39m: No user with given email detected creating new user
2021-06-25T04:26:37.919Z: [34mdebug[39m: Password hashed
2021-06-25T04:26:37.919Z: [34mdebug[39m: Saving user signup data
2021-06-25T04:27:27.825Z: [34mdebug[39m: Inside signup request
2021-06-25T04:27:28.392Z: [34mdebug[39m: No user with given email detected creating new user
2021-06-25T04:27:28.526Z: [34mdebug[39m: Password hashed
2021-06-25T04:27:28.527Z: [34mdebug[39m: Saving user signup data
2021-06-25T04:29:40.208Z: [34mdebug[39m: Inside signup request
2021-06-25T04:29:40.538Z: [34mdebug[39m: No user with given email detected creating new user
2021-06-25T04:29:40.706Z: [34mdebug[39m: Password hashed
2021-06-25T04:29:40.707Z: [34mdebug[39m: Saving user signup data
2021-06-25T04:32:06.032Z: [34mdebug[39m: Inside signup request
2021-06-25T04:32:15.957Z: [34mdebug[39m: Inside signup request
2021-06-25T04:32:24.925Z: [34mdebug[39m: Inside signup request
2021-06-25T04:32:25.399Z: [34mdebug[39m: No user with given email detected creating new user
2021-06-25T04:32:25.582Z: [34mdebug[39m: Password hashed
2021-06-25T04:32:25.583Z: [34mdebug[39m: Saving user signup data
2021-06-25T04:32:58.130Z: [34mdebug[39m: Inside signup request
2021-06-25T04:32:58.579Z: [34mdebug[39m: No user with given email detected creating new user
2021-06-25T04:32:58.752Z: [34mdebug[39m: Password hashed
2021-06-25T04:32:58.753Z: [34mdebug[39m: Saving user signup data
2021-06-25T04:33:18.446Z: [34mdebug[39m: Inside signup request
2021-06-25T04:33:18.852Z: [34mdebug[39m: No user with given email detected creating new user
2021-06-25T04:33:19.035Z: [34mdebug[39m: Password hashed
2021-06-25T04:33:19.036Z: [34mdebug[39m: Saving user signup data
2021-06-25T04:33:23.989Z: [34mdebug[39m: Inside signup request
2021-06-25T04:33:34.337Z: [34mdebug[39m: Inside signup request
2021-06-25T04:33:34.572Z: [34mdebug[39m: No user with given email detected creating new user
2021-06-25T04:33:34.736Z: [34mdebug[39m: Password hashed
2021-06-25T04:33:34.737Z: [34mdebug[39m: Saving user signup data
2021-06-25T04:34:32.048Z: [34mdebug[39m: Inside signup request
2021-06-25T04:34:35.142Z: [34mdebug[39m: No user with given email detected creating new user
2021-06-25T04:34:35.350Z: [34mdebug[39m: Password hashed
2021-06-25T04:34:35.351Z: [34mdebug[39m: Saving user signup data
2021-06-25T04:34:45.058Z: [34mdebug[39m: Inside signup request
2021-06-25T04:34:45.381Z: [34mdebug[39m: No user with given email detected creating new user
2021-06-25T04:34:45.544Z: [34mdebug[39m: Password hashed
2021-06-25T04:34:45.545Z: [34mdebug[39m: Saving user signup data
2021-06-25T04:35:59.312Z: [34mdebug[39m: Inside signup request
2021-06-25T04:37:07.374Z: [34mdebug[39m: Inside signup request
2021-06-25T04:37:19.519Z: [34mdebug[39m: Inside signup request
2021-06-25T04:37:19.880Z: [34mdebug[39m: No user with given email detected creating new user
2021-06-25T04:37:20.066Z: [34mdebug[39m: Password hashed
2021-06-25T04:37:20.067Z: [34mdebug[39m: Saving user signup data
2021-06-25T04:42:26.161Z: [34mdebug[39m: Inside signup request
2021-06-25T04:42:26.489Z: [34mdebug[39m: No user with given email detected creating new user
2021-06-25T04:42:26.671Z: [34mdebug[39m: Password hashed
2021-06-25T04:42:26.672Z: [34mdebug[39m: Saving user signup data
2021-06-25T04:46:55.731Z: [34mdebug[39m: Inside signup request
2021-06-25T04:49:20.887Z: [34mdebug[39m: Inside signup request
2021-06-25T04:49:24.660Z: [34mdebug[39m: Inside signup request
2021-06-25T04:49:33.084Z: [34mdebug[39m: Inside signup request
2021-06-25T04:49:33.394Z: [34mdebug[39m: No user with given email detected creating new user
2021-06-25T04:49:33.569Z: [34mdebug[39m: Password hashed
2021-06-25T04:49:33.570Z: [34mdebug[39m: Saving user signup data
2021-06-25T04:52:03.748Z: [34mdebug[39m: Inside signup request
2021-06-25T04:52:04.171Z: [34mdebug[39m: No user with given email detected creating new user
2021-06-25T04:52:04.309Z: [34mdebug[39m: Password hashed
2021-06-25T04:52:04.310Z: [34mdebug[39m: Saving user signup data
2021-06-25T04:53:23.428Z: [34mdebug[39m: Inside signup request
2021-06-25T04:53:35.742Z: [34mdebug[39m: Inside signup request
2021-06-25T04:53:40.863Z: [34mdebug[39m: Inside signup request
2021-06-25T04:53:41.204Z: [34mdebug[39m: No user with given email detected creating new user
2021-06-25T04:53:41.375Z: [34mdebug[39m: Password hashed
2021-06-25T04:53:41.377Z: [34mdebug[39m: Saving user signup data
2021-06-25T04:53:42.024Z: [34mdebug[39m: User created succesfully
2021-06-25T04:54:12.188Z: [34mdebug[39m: Inside signup request
2021-06-25T04:54:19.605Z: [34mdebug[39m: Inside signup request
2021-06-25T04:54:20.114Z: [34mdebug[39m: No user with given email detected creating new user
2021-06-25T04:54:20.265Z: [34mdebug[39m: Password hashed
2021-06-25T04:54:20.266Z: [34mdebug[39m: Saving user signup data
2021-06-25T04:54:21.038Z: [34mdebug[39m: User created succesfully
2021-06-25T04:55:45.831Z: [34mdebug[39m: Inside signup request
2021-06-25T04:55:49.656Z: [34mdebug[39m: Error!! user already registered please login
2021-06-25T04:58:09.373Z: [34mdebug[39m: Inside signup request
2021-06-25T04:58:09.725Z: [34mdebug[39m: Error!! user already registered please login
2021-06-25T05:01:20.279Z: [34mdebug[39m: Inside signup request
2021-06-25T05:01:20.529Z: [34mdebug[39m: No user with given email detected creating new user
2021-06-25T05:01:20.717Z: [34mdebug[39m: Password hashed
2021-06-25T05:01:20.718Z: [34mdebug[39m: Saving user signup data
2021-06-25T05:01:21.370Z: [34mdebug[39m: User created succesfully
2021-06-25T05:01:52.488Z: [34mdebug[39m: Inside signup request
2021-06-25T05:01:52.779Z: [34mdebug[39m: Error!! user already registered please login
2021-06-25T05:01:58.125Z: [34mdebug[39m: Inside signup request
2021-06-25T05:01:58.467Z: [34mdebug[39m: No user with given email detected creating new user
2021-06-25T05:01:58.638Z: [34mdebug[39m: Password hashed
2021-06-25T05:01:58.638Z: [34mdebug[39m: Saving user signup data
2021-06-25T05:01:59.282Z: [34mdebug[39m: User created succesfully
2021-06-25T05:03:55.389Z: [34mdebug[39m: Inside signup request
2021-06-25T05:03:55.761Z: [34mdebug[39m: No user with given email detected creating new user
2021-06-25T05:03:55.946Z: [34mdebug[39m: Password hashed
2021-06-25T05:03:55.947Z: [34mdebug[39m: Saving user signup data
2021-06-25T05:03:57.051Z: [34mdebug[39m: User created succesfully
2021-06-25T05:04:32.089Z: [34mdebug[39m: Inside signup request
2021-06-25T05:04:32.446Z: [34mdebug[39m: No user with given email detected creating new user
2021-06-25T05:04:32.629Z: [34mdebug[39m: Password hashed
2021-06-25T05:04:32.630Z: [34mdebug[39m: Saving user signup data
2021-06-25T05:04:33.348Z: [34mdebug[39m: User created succesfully
2021-06-25T05:05:15.417Z: [34mdebug[39m: Inside signup request
2021-06-25T05:05:15.779Z: [34mdebug[39m: Error!! user already registered please login
2021-06-25T05:06:19.277Z: [34mdebug[39m: Inside signup request
2021-06-25T05:06:19.637Z: [34mdebug[39m: No user with given email detected creating new user
2021-06-25T05:06:19.801Z: [34mdebug[39m: Password hashed
2021-06-25T05:06:19.802Z: [34mdebug[39m: Saving user signup data
2021-06-25T05:06:20.504Z: [34mdebug[39m: User created succesfully
2021-06-25T06:06:16.488Z: [34mdebug[39m: Inside signup request
2021-06-25T06:06:16.900Z: [34mdebug[39m: Error!! user already registered please login
2021-09-25T05:05:11.260Z: [34mdebug[39m: Inside signup request
2021-09-25T05:05:11.528Z: [34mdebug[39m: No user with given email detected creating new user
2021-09-25T05:05:11.620Z: [34mdebug[39m: Password hashed
2021-09-25T05:05:11.621Z: [34mdebug[39m: Saving user signup data
2021-09-25T05:05:12.384Z: [34mdebug[39m: User created succesfully
2021-10-16T04:00:15.223Z: [34mdebug[39m: Inside signup request
2021-10-16T04:00:15.461Z: [34mdebug[39m: No user with given email detected creating new user
2021-10-16T04:00:15.583Z: [34mdebug[39m: Password hashed
2021-10-16T04:00:15.585Z: [34mdebug[39m: Saving user signup data
2021-10-16T04:00:16.362Z: [34mdebug[39m: User created succesfully
2021-10-20T10:26:17.009Z: [34mdebug[39m: Inside signup request
2021-10-20T10:26:17.256Z: [34mdebug[39m: Error!! user already registered please login
